10:34:57.835 [main] INFO  GenerateLogData$ - Log data generator started...
10:34:58.108 [main] WARN  HelperUtils.Parameters$ - Max count 100 is used to create records instead of timeouts
10:34:59.716 [scala-execution-context-global-17] ERROR  HelperUtils.Parameters$ - zJZhz7`DN1111>6cl1t232dsa{wZ
10:34:58.185 [scala-execution-context-global-17] INFO  HelperUtils.Parameters$ - Y*h\7~`A?aghsCRwJ_"fx$
10:34:58.201 [scala-execution-context-global-17] INFO  HelperUtils.Parameters$ - i}Vy9/vLaghsR4yV2?]h
10:34:58.687 [scala-execution-context-global-17] INFO  HelperUtils.Parameters$ - nwvL^YWh1111t{Q,~b}~
10:34:58.702 [scala-execution-context-global-17] INFO  HelperUtils.Parameters$ - '/Q?hcN1111|o4=>">
10:34:58.717 [scala-execution-context-global-17] INFO  HelperUtils.Parameters$ - :UB!L_~!K<1111G$-vp`?a8H
10:34:59.076 [scala-execution-context-global-17] WARN  HelperUtils.Parameters$ - 8)c^1U1111*Nm\^!
10:34:59.091 [scala-execution-context-global-17] WARN  HelperUtils.Parameters$ - Te8'8%>lq1111NPi'/>e'
10:34:58.467 [scala-execution-context-global-17] WARN  HelperUtils.Parameters$ - E)u=Y,X1baghs%|m},vyZe
10:44:58.173 [scala-execution-context-global-17] WARN  HelperUtils.Parameters$ - [:l%[5iH.kaghsJVP4cF@c]f
10:44:58.233 [scala-execution-context-global-17] WARN  HelperUtils.Parameters$ - \BIO6nrTaghsXgLImz9B
10:44:58.249 [scala-execution-context-global-17] DEBUG HelperUtils.Parameters$ - rwn1)uaghseyi}"/
10:44:58.452 [scala-execution-context-global-17] DEBUG HelperUtils.Parameters$ - Z_)w#7,rqaghs:HG~&a7G%a%^@**(#&)
10:44:59.701 [scala-execution-context-global-17] DEBUG HelperUtils.Parameters$ - reJ<L1fKKn1111iH"S*XRD>+
10:44:58.763 [scala-execution-context-global-17] DEBUG HelperUtils.Parameters$ - jUeJPh1111_<*B!I
10:44:59.152 [scala-execution-context-global-17] DEBUG HelperUtils.Parameters$ - $ZQ{|Phze>1111*&eK]Ii9Nm
10:44:59.716 [scala-execution-context-global-17] ERROR  HelperUtils.Parameters$ - zJZhz7`DN1111>6cl1t{wZ
10:44:59.716 [scala-execution-context-global-17] ERROR  HelperUtils.Parameters$ - `DN1111>6cl1t{wZ
10:44:59.716 [scala-execution-context-global-17] ERROR  HelperUtils.Parameters$ - zJZhz7`DN1111>6cl1t232dsa{wZ
10:44:59.717 [main] INFO  GenerateLogData$ - Log data generation has completed after generating 100 records.
